Using pre-set license
Built from '2020.2/staging' branch; Version is '2020.2.3f1 (8ff31bc5bf5b) revision 9433883'; Using compiler version '192528614'; Build Type 'Release'
OS: 'Windows 10 Home Single Language; OS build 18362.836; Version 1903; 64bit' Language: 'en' Physical Memory: 7973 MB
BatchMode: 1, IsHumanControllingUs: 0, StartBugReporterOnCrash: 0, Is64bit: 1, IsPro: 0

 COMMAND LINE ARGUMENTS:
E:\Unity\2020.2.3f1\Editor\Unity.exe
-adb2
-batchMode
-noUpm
-name
AssetImportWorker0
-projectPath
E:/Alienide/Game Menu
-logFile
Logs/AssetImportWorker0.log
-srvPort
50649
Successfully changed project path to: E:/Alienide/Game Menu
E:/Alienide/Game Menu
Using Asset Import Pipeline V2.
Refreshing native plugins compatible for Editor in 30.29 ms, found 0 plugins.
Preloading 0 native plugins for Editor in 0.00 ms.
Initialize engine version: 2020.2.3f1 (8ff31bc5bf5b)
[Subsystems] Discovering subsystems at path E:/Unity/2020.2.3f1/Editor/Data/Resources/UnitySubsystems
[Subsystems] Discovering subsystems at path E:/Alienide/Game Menu/Assets
GfxDevice: creating device client; threaded=0
Direct3D:
    Version:  Direct3D 11.0 [level 11.1]
    Renderer: NVIDIA GeForce MX250 (ID=0x1d13)
    Vendor:   
    VRAM:     4027 MB
    Driver:   26.21.14.4145
Initialize mono
Mono path[0] = 'E:/Unity/2020.2.3f1/Editor/Data/Managed'
Mono path[1] = 'E:/Unity/2020.2.3f1/Editor/Data/MonoBleedingEdge/lib/mono/unityjit'
Mono config path = 'E:/Unity/2020.2.3f1/Editor/Data/MonoBleedingEdge/etc'
Using monoOptions --debugger-agent=transport=dt_socket,embedding=1,server=y,suspend=n,address=127.0.0.1:56448
Begin MonoManager ReloadAssembly
Registering precompiled unity dll's ...
Register platform support module: E:/Unity/2020.2.3f1/Editor/Data/PlaybackEngines/WindowsStandaloneSupport/UnityEditor.WindowsStandalone.Extensions.dll
Registered in 0.002327 seconds.
Native extension for WindowsStandalone target not found
Refreshing native plugins compatible for Editor in 36.29 ms, found 0 plugins.
Preloading 0 native plugins for Editor in 0.00 ms.
Invoked RoslynAnalysisRunner static constructor.
RoslynAnalysisRunner will not be running.
RoslynAnalysisRunner has terminated.
Mono: successfully reloaded assembly
- Completed reload, in  3.062 seconds
Platform modules already initialized, skipping
Registering precompiled user dll's ...
Registered in 0.001878 seconds.
Begin MonoManager ReloadAssembly
Native extension for WindowsStandalone target not found
Refreshing native plugins compatible for Editor in 0.22 ms, found 0 plugins.
Preloading 0 native plugins for Editor in 0.00 ms.
Invoked RoslynAnalysisRunner static constructor.
RoslynAnalysisRunner will not be running.
RoslynAnalysisRunner has terminated.
Mono: successfully reloaded assembly
- Completed reload, in  0.927 seconds
Platform modules already initialized, skipping
========================================================================
Worker process is ready to serve import requests
Launched and connected shader compiler UnityShaderCompiler.exe after 0.09 seconds
Refreshing native plugins compatible for Editor in 0.23 ms, found 0 plugins.
Preloading 0 native plugins for Editor in 0.00 ms.
Unloading 1101 Unused Serialized files (Serialized files now loaded: 0)
System memory in use before: 57.1 MB.
System memory in use after: 57.2 MB.

Unloading 10 unused Assets to reduce memory usage. Loaded Objects now: 1547.
Total: 1.866300 ms (FindLiveObjects: 0.131100 ms CreateObjectMapping: 0.039700 ms MarkObjects: 1.595400 ms  DeleteObjects: 0.099200 ms)

========================================================================
Received Import Request.
  path: Assets/Button/setting.png
  artifactKey: Guid(e879c08f51f259447a8e9ce02a580ef8) Importer(815301076,1909f56bfc062723c751e8b465ee728b)
Start importing Assets/Button/setting.png using Guid(e879c08f51f259447a8e9ce02a580ef8) Importer(815301076,1909f56bfc062723c751e8b465ee728b)  -> (artifact id: '6fb72ea171ce30a8d0b5e9829cfde85e') in 0.084840 seconds
  Import took 0.087533 seconds .

========================================================================
Received Import Request.
  Time since last request: 0.000733 seconds.
  path: Assets/Button
  artifactKey: Guid(3f2943b58abcacf428f851c2eb88436e) Importer(815301076,1909f56bfc062723c751e8b465ee728b)
Start importing Assets/Button using Guid(3f2943b58abcacf428f851c2eb88436e) Importer(815301076,1909f56bfc062723c751e8b465ee728b)  -> (artifact id: '2fe28f89318571be74cefb8c6acd906a') in 0.002433 seconds
  Import took 0.004908 seconds .

========================================================================
Received Import Request.
  Time since last request: 17.943781 seconds.
  path: Assets/Button/setting.png
  artifactKey: Guid(e879c08f51f259447a8e9ce02a580ef8) Importer(815301076,1909f56bfc062723c751e8b465ee728b)
Start importing Assets/Button/setting.png using Guid(e879c08f51f259447a8e9ce02a580ef8) Importer(815301076,1909f56bfc062723c751e8b465ee728b)  -> (artifact id: '63e10a1613979fa44a5eb52adb97fae5') in 0.057529 seconds
  Import took 0.061345 seconds .

========================================================================
Received Import Request.
  Time since last request: 0.014194 seconds.
  path: Assets/Button/setting.png
  artifactKey: Guid(e879c08f51f259447a8e9ce02a580ef8) Importer(815301076,1909f56bfc062723c751e8b465ee728b)
Start importing Assets/Button/setting.png using Guid(e879c08f51f259447a8e9ce02a580ef8) Importer(815301076,1909f56bfc062723c751e8b465ee728b)  -> (artifact id: '63e10a1613979fa44a5eb52adb97fae5') in 0.033433 seconds
  Import took 0.036239 seconds .

========================================================================
Received Import Request.
  Time since last request: 264.934302 seconds.
  path: Assets/Button/setting.png
  artifactKey: Guid(e879c08f51f259447a8e9ce02a580ef8) Importer(815301076,1909f56bfc062723c751e8b465ee728b)
Start importing Assets/Button/setting.png using Guid(e879c08f51f259447a8e9ce02a580ef8) Importer(815301076,1909f56bfc062723c751e8b465ee728b)  -> (artifact id: '68292ad3c5ee1e517d2c44a4901abe8e') in 0.014770 seconds
  Import took 0.018257 seconds .

========================================================================
Received Import Request.
  Time since last request: 92.428935 seconds.
  path: Assets/Button/setting.png
  artifactKey: Guid(e879c08f51f259447a8e9ce02a580ef8) Importer(815301076,1909f56bfc062723c751e8b465ee728b)
Start importing Assets/Button/setting.png using Guid(e879c08f51f259447a8e9ce02a580ef8) Importer(815301076,1909f56bfc062723c751e8b465ee728b)  -> (artifact id: '88dfa74eae7ac7ccf42cb5a21ff517ac') in 0.013402 seconds
  Import took 0.019034 seconds .

========================================================================
Received Import Request.
  Time since last request: 41.177391 seconds.
  path: Assets/Button/setting.png
  artifactKey: Guid(e879c08f51f259447a8e9ce02a580ef8) Importer(815301076,1909f56bfc062723c751e8b465ee728b)
Start importing Assets/Button/setting.png using Guid(e879c08f51f259447a8e9ce02a580ef8) Importer(815301076,1909f56bfc062723c751e8b465ee728b)  -> (artifact id: 'dd6944caaae4e7c359613805d050133f') in 0.080672 seconds
  Import took 0.084066 seconds .

========================================================================
Received Import Request.
  Time since last request: 76.039748 seconds.
  path: Assets/Button/setting.png
  artifactKey: Guid(e879c08f51f259447a8e9ce02a580ef8) Importer(815301076,1909f56bfc062723c751e8b465ee728b)
Start importing Assets/Button/setting.png using Guid(e879c08f51f259447a8e9ce02a580ef8) Importer(815301076,1909f56bfc062723c751e8b465ee728b)  -> (artifact id: '29449900a3ed6f255d7949c33430f015') in 0.073857 seconds
  Import took 0.076583 seconds .

========================================================================
Received Prepare
Registering precompiled user dll's ...
Registered in 0.000794 seconds.
Begin MonoManager ReloadAssembly
Native extension for WindowsStandalone target not found
Refreshing native plugins compatible for Editor in 0.23 ms, found 0 plugins.
Preloading 0 native plugins for Editor in 0.00 ms.
Invoked RoslynAnalysisRunner static constructor.
RoslynAnalysisRunner will not be running.
RoslynAnalysisRunner has terminated.
Mono: successfully reloaded assembly
- Completed reload, in  0.820 seconds
Platform modules already initialized, skipping
Refreshing native plugins compatible for Editor in 0.22 ms, found 0 plugins.
Preloading 0 native plugins for Editor in 0.00 ms.
Unloading 1096 Unused Serialized files (Serialized files now loaded: 0)
System memory in use before: 60.2 MB.
System memory in use after: 60.3 MB.

Unloading 5 unused Assets to reduce memory usage. Loaded Objects now: 1555.
Total: 1.538500 ms (FindLiveObjects: 0.112200 ms CreateObjectMapping: 0.034900 ms MarkObjects: 1.328900 ms  DeleteObjects: 0.061500 ms)

========================================================================
Received Import Request.
  Time since last request: 119.139716 seconds.
  path: Assets/Button/setting.png
  artifactKey: Guid(e879c08f51f259447a8e9ce02a580ef8) Importer(815301076,1909f56bfc062723c751e8b465ee728b)
Start importing Assets/Button/setting.png using Guid(e879c08f51f259447a8e9ce02a580ef8) Importer(815301076,1909f56bfc062723c751e8b465ee728b)  -> (artifact id: 'd16d1c5ccec205d3b3bbaa892de4ed83') in 0.051037 seconds
  Import took 0.053247 seconds .

========================================================================
Received Import Request.
  Time since last request: 147.786372 seconds.
  path: Assets/Button/setting.png
  artifactKey: Guid(e879c08f51f259447a8e9ce02a580ef8) Importer(815301076,1909f56bfc062723c751e8b465ee728b)
Start importing Assets/Button/setting.png using Guid(e879c08f51f259447a8e9ce02a580ef8) Importer(815301076,1909f56bfc062723c751e8b465ee728b)  -> (artifact id: 'a62dc7cc4f12ab691ed7d5921ae03646') in 0.057948 seconds
  Import took 0.062532 seconds .

========================================================================
Received Import Request.
  Time since last request: 120.836678 seconds.
  path: Assets/Button/setting.png
  artifactKey: Guid(e879c08f51f259447a8e9ce02a580ef8) Importer(815301076,1909f56bfc062723c751e8b465ee728b)
Start importing Assets/Button/setting.png using Guid(e879c08f51f259447a8e9ce02a580ef8) Importer(815301076,1909f56bfc062723c751e8b465ee728b)  -> (artifact id: '223778485903d512b545b198fd8304a4') in 0.032669 seconds
  Import took 0.035235 seconds .

========================================================================
Received Prepare
Registering precompiled user dll's ...
Registered in 0.001841 seconds.
Begin MonoManager ReloadAssembly
Native extension for WindowsStandalone target not found
Refreshing native plugins compatible for Editor in 0.35 ms, found 0 plugins.
Preloading 0 native plugins for Editor in 0.00 ms.
Invoked RoslynAnalysisRunner static constructor.
RoslynAnalysisRunner will not be running.
RoslynAnalysisRunner has terminated.
Mono: successfully reloaded assembly
- Completed reload, in  1.447 seconds
Platform modules already initialized, skipping
Refreshing native plugins compatible for Editor in 0.24 ms, found 0 plugins.
Preloading 0 native plugins for Editor in 0.00 ms.
Unloading 1096 Unused Serialized files (Serialized files now loaded: 0)
System memory in use before: 60.2 MB.
System memory in use after: 60.3 MB.

Unloading 5 unused Assets to reduce memory usage. Loaded Objects now: 1558.
Total: 1.796200 ms (FindLiveObjects: 0.122000 ms CreateObjectMapping: 0.033400 ms MarkObjects: 1.574200 ms  DeleteObjects: 0.065800 ms)

========================================================================
Received Import Request.
  Time since last request: 217.033228 seconds.
  path: Assets/Button/setting.png
  artifactKey: Guid(e879c08f51f259447a8e9ce02a580ef8) Importer(815301076,1909f56bfc062723c751e8b465ee728b)
Start importing Assets/Button/setting.png using Guid(e879c08f51f259447a8e9ce02a580ef8) Importer(815301076,1909f56bfc062723c751e8b465ee728b)  -> (artifact id: '212ddcd1f99b9c6f376ca965f8a80b49') in 0.079945 seconds
  Import took 0.083253 seconds .

========================================================================
Received Import Request.
  Time since last request: 248.952608 seconds.
  path: Assets/Button/setting.png
  artifactKey: Guid(e879c08f51f259447a8e9ce02a580ef8) Importer(815301076,1909f56bfc062723c751e8b465ee728b)
Start importing Assets/Button/setting.png using Guid(e879c08f51f259447a8e9ce02a580ef8) Importer(815301076,1909f56bfc062723c751e8b465ee728b)  -> (artifact id: 'cf38c0ecea561777c6e64f139454d8f8') in 0.024381 seconds
  Import took 0.028299 seconds .

========================================================================
Received Import Request.
  Time since last request: 94.067463 seconds.
  path: Assets/Button/setting.png
  artifactKey: Guid(e879c08f51f259447a8e9ce02a580ef8) Importer(815301076,1909f56bfc062723c751e8b465ee728b)
Start importing Assets/Button/setting.png using Guid(e879c08f51f259447a8e9ce02a580ef8) Importer(815301076,1909f56bfc062723c751e8b465ee728b)  -> (artifact id: 'e1efde63f6eda834222c0040146eadb6') in 0.032491 seconds
  Import took 0.041685 seconds .

========================================================================
Received Import Request.
  Time since last request: 118.733076 seconds.
  path: Assets/Button/setting.png
  artifactKey: Guid(e879c08f51f259447a8e9ce02a580ef8) Importer(815301076,1909f56bfc062723c751e8b465ee728b)
Start importing Assets/Button/setting.png using Guid(e879c08f51f259447a8e9ce02a580ef8) Importer(815301076,1909f56bfc062723c751e8b465ee728b)  -> (artifact id: '4ad8a7472ee9145a0756a14d80ec9fa8') in 0.034016 seconds
  Import took 0.038555 seconds .

========================================================================
Received Import Request.
  Time since last request: 89.234174 seconds.
  path: Assets/Button/setting.png
  artifactKey: Guid(e879c08f51f259447a8e9ce02a580ef8) Importer(815301076,1909f56bfc062723c751e8b465ee728b)
Start importing Assets/Button/setting.png using Guid(e879c08f51f259447a8e9ce02a580ef8) Importer(815301076,1909f56bfc062723c751e8b465ee728b)  -> (artifact id: '9606209c5cc9d4ceca2b3c59e3316ad0') in 0.040846 seconds
  Import took 0.044733 seconds .

AssetImportWorkerClient::OnTransportError - code=2 error=End of file
